<?xml version="1.0" encoding="UTF-8"?>
<coverage generated="1559438445621" clover="3.2.0">
  <project timestamp="1559438445622" name="All files">
    <metrics statements="70" coveredstatements="70" conditionals="22" coveredconditionals="22" methods="8" coveredmethods="8" elements="100" coveredelements="100" complexity="0" loc="70" ncloc="70" packages="1" files="1" classes="1"/>
    <file name="business.date.checker.ts" path="/Users/tochemey/dev/business-date-checker/src/business.date.checker.ts">
      <metrics statements="70" coveredstatements="70" conditionals="22" coveredconditionals="22" methods="8" coveredmethods="8"/>
      <line num="1" count="1" type="stmt"/>
      <line num="2" count="1" type="stmt"/>
      <line num="3" count="1" type="stmt"/>
      <line num="5" count="1" type="stmt"/>
      <line num="7" count="1" type="stmt"/>
      <line num="21" count="5" type="stmt"/>
      <line num="23" count="5" type="stmt"/>
      <line num="25" count="5" type="stmt"/>
      <line num="26" count="5" type="stmt"/>
      <line num="28" count="5" type="cond" truecount="2" falsecount="0"/>
      <line num="29" count="1" type="stmt"/>
      <line num="32" count="4" type="stmt"/>
      <line num="33" count="4" type="stmt"/>
      <line num="51" count="1" type="stmt"/>
      <line num="53" count="1" type="stmt"/>
      <line num="60" count="1" type="stmt"/>
      <line num="62" count="1" type="stmt"/>
      <line num="63" count="1" type="stmt"/>
      <line num="65" count="1" type="stmt"/>
      <line num="81" count="1" type="stmt"/>
      <line num="83" count="1" type="stmt"/>
      <line num="90" count="1" type="stmt"/>
      <line num="92" count="1" type="stmt"/>
      <line num="93" count="1" type="stmt"/>
      <line num="94" count="1" type="stmt"/>
      <line num="114" count="2" type="stmt"/>
      <line num="116" count="2" type="stmt"/>
      <line num="123" count="2" type="stmt"/>
      <line num="125" count="2" type="stmt"/>
      <line num="126" count="2" type="stmt"/>
      <line num="128" count="2" type="stmt"/>
      <line num="130" count="2" type="cond" truecount="4" falsecount="0"/>
      <line num="131" count="1" type="stmt"/>
      <line num="134" count="1" type="stmt"/>
      <line num="135" count="1" type="stmt"/>
      <line num="136" count="1" type="stmt"/>
      <line num="137" count="1" type="stmt"/>
      <line num="138" count="31" type="stmt"/>
      <line num="141" count="31" type="cond" truecount="2" falsecount="0"/>
      <line num="142" count="3" type="stmt"/>
      <line num="145" count="1" type="stmt"/>
      <line num="159" count="1" type="stmt"/>
      <line num="161" count="1" type="stmt"/>
      <line num="163" count="1" type="stmt"/>
      <line num="164" count="1" type="stmt"/>
      <line num="178" count="2" type="stmt"/>
      <line num="180" count="2" type="stmt"/>
      <line num="182" count="2" type="stmt"/>
      <line num="183" count="2" type="stmt"/>
      <line num="198" count="4" type="stmt"/>
      <line num="199" count="4" type="stmt"/>
      <line num="201" count="4" type="stmt"/>
      <line num="203" count="4" type="stmt"/>
      <line num="204" count="4" type="cond" truecount="2" falsecount="0"/>
      <line num="205" count="1" type="stmt"/>
      <line num="208" count="3" type="stmt"/>
      <line num="209" count="3" type="cond" truecount="2" falsecount="0"/>
      <line num="230" count="2" type="stmt"/>
      <line num="232" count="2" type="stmt"/>
      <line num="234" count="2" type="stmt"/>
      <line num="235" count="2" type="stmt"/>
      <line num="237" count="2" type="cond" truecount="4" falsecount="0"/>
      <line num="238" count="1" type="stmt"/>
      <line num="241" count="1" type="stmt"/>
      <line num="242" count="1" type="stmt"/>
      <line num="243" count="1" type="stmt"/>
      <line num="244" count="31" type="stmt"/>
      <line num="245" count="31" type="cond" truecount="2" falsecount="0"/>
      <line num="251" count="20" type="stmt"/>
      <line num="255" count="1" type="stmt"/>
    </file>
  </project>
</coverage>
