{"/Users/tochemey/dev/business-date-checker/src/business.date.checker.ts": {"path":"/Users/tochemey/dev/business-date-checker/src/business.date.checker.ts","statementMap":{"0":{"start":{"line":1,"column":0},"end":{"line":1,"column":33}},"1":{"start":{"line":2,"column":0},"end":{"line":2,"column":44}},"2":{"start":{"line":3,"column":0},"end":{"line":3,"column":48}},"3":{"start":{"line":5,"column":17},"end":{"line":5,"column":41}},"4":{"start":{"line":21,"column":24},"end":{"line":21,"column":36}},"5":{"start":{"line":23,"column":6},"end":{"line":23,"column":77}},"6":{"start":{"line":25,"column":23},"end":{"line":25,"column":60}},"7":{"start":{"line":26,"column":29},"end":{"line":26,"column":54}},"8":{"start":{"line":28,"column":4},"end":{"line":30,"column":null}},"9":{"start":{"line":29,"column":6},"end":{"line":29,"column":19}},"10":{"start":{"line":32,"column":21},"end":{"line":32,"column":43}},"11":{"start":{"line":33,"column":4},"end":{"line":36,"column":6}},"12":{"start":{"line":51,"column":24},"end":{"line":51,"column":36}},"13":{"start":{"line":53,"column":6},"end":{"line":57,"column":21}},"14":{"start":{"line":60,"column":6},"end":{"line":60,"column":74}},"15":{"start":{"line":62,"column":37},"end":{"line":62,"column":75}},"16":{"start":{"line":63,"column":35},"end":{"line":63,"column":71}},"17":{"start":{"line":65,"column":4},"end":{"line":65,"column":49}},"18":{"start":{"line":81,"column":24},"end":{"line":81,"column":36}},"19":{"start":{"line":83,"column":6},"end":{"line":87,"column":21}},"20":{"start":{"line":90,"column":6},"end":{"line":90,"column":74}},"21":{"start":{"line":92,"column":37},"end":{"line":92,"column":75}},"22":{"start":{"line":93,"column":35},"end":{"line":93,"column":71}},"23":{"start":{"line":94,"column":4},"end":{"line":94,"column":52}},"24":{"start":{"line":114,"column":24},"end":{"line":114,"column":36}},"25":{"start":{"line":116,"column":6},"end":{"line":120,"column":21}},"26":{"start":{"line":123,"column":6},"end":{"line":123,"column":74}},"27":{"start":{"line":125,"column":37},"end":{"line":125,"column":75}},"28":{"start":{"line":126,"column":35},"end":{"line":126,"column":71}},"29":{"start":{"line":128,"column":29},"end":{"line":128,"column":54}},"30":{"start":{"line":130,"column":4},"end":{"line":132,"column":null}},"31":{"start":{"line":131,"column":6},"end":{"line":131,"column":16}},"32":{"start":{"line":134,"column":21},"end":{"line":134,"column":43}},"33":{"start":{"line":135,"column":37},"end":{"line":135,"column":69}},"34":{"start":{"line":136,"column":24},"end":{"line":136,"column":25}},"35":{"start":{"line":137,"column":4},"end":{"line":144,"column":null}},"36":{"start":{"line":137,"column":21},"end":{"line":137,"column":22}},"37":{"start":{"line":138,"column":29},"end":{"line":140,"column":24}},"38":{"start":{"line":141,"column":6},"end":{"line":143,"column":null}},"39":{"start":{"line":142,"column":8},"end":{"line":142,"column":27}},"40":{"start":{"line":145,"column":4},"end":{"line":145,"column":25}},"41":{"start":{"line":159,"column":24},"end":{"line":159,"column":36}},"42":{"start":{"line":161,"column":6},"end":{"line":161,"column":77}},"43":{"start":{"line":163,"column":23},"end":{"line":163,"column":60}},"44":{"start":{"line":164,"column":4},"end":{"line":164,"column":42}},"45":{"start":{"line":178,"column":24},"end":{"line":178,"column":36}},"46":{"start":{"line":180,"column":6},"end":{"line":180,"column":77}},"47":{"start":{"line":182,"column":23},"end":{"line":182,"column":60}},"48":{"start":{"line":183,"column":4},"end":{"line":183,"column":45}},"49":{"start":{"line":198,"column":29},"end":{"line":198,"column":54}},"50":{"start":{"line":199,"column":24},"end":{"line":199,"column":36}},"51":{"start":{"line":201,"column":6},"end":{"line":201,"column":77}},"52":{"start":{"line":203,"column":23},"end":{"line":203,"column":60}},"53":{"start":{"line":204,"column":4},"end":{"line":206,"column":null}},"54":{"start":{"line":205,"column":6},"end":{"line":205,"column":19}},"55":{"start":{"line":208,"column":21},"end":{"line":208,"column":43}},"56":{"start":{"line":209,"column":4},"end":{"line":209,"column":66}},"57":{"start":{"line":230,"column":24},"end":{"line":230,"column":36}},"58":{"start":{"line":232,"column":6},"end":{"line":232,"column":77}},"59":{"start":{"line":234,"column":21},"end":{"line":234,"column":58}},"60":{"start":{"line":235,"column":29},"end":{"line":235,"column":54}},"61":{"start":{"line":237,"column":4},"end":{"line":239,"column":null}},"62":{"start":{"line":238,"column":6},"end":{"line":238,"column":23}},"63":{"start":{"line":241,"column":21},"end":{"line":241,"column":43}},"64":{"start":{"line":242,"column":28},"end":{"line":242,"column":29}},"65":{"start":{"line":243,"column":4},"end":{"line":253,"column":null}},"66":{"start":{"line":244,"column":6},"end":{"line":244,"column":42}},"67":{"start":{"line":245,"column":6},"end":{"line":252,"column":null}},"68":{"start":{"line":251,"column":8},"end":{"line":251,"column":23}},"69":{"start":{"line":255,"column":4},"end":{"line":255,"column":51}},"70":{"start":{"line":7,"column":0},"end":{"line":7,"column":13}}},"fnMap":{"0":{"name":"(anonymous_0)","decl":{"start":{"line":20,"column":9},"end":{"line":20,"column":15}},"loc":{"start":{"line":20,"column":62},"end":{"line":37,"column":3}}},"1":{"name":"(anonymous_1)","decl":{"start":{"line":50,"column":9},"end":{"line":50,"column":15}},"loc":{"start":{"line":50,"column":54},"end":{"line":66,"column":3}}},"2":{"name":"(anonymous_2)","decl":{"start":{"line":80,"column":9},"end":{"line":80,"column":15}},"loc":{"start":{"line":80,"column":57},"end":{"line":95,"column":3}}},"3":{"name":"(anonymous_3)","decl":{"start":{"line":109,"column":9},"end":{"line":109,"column":15}},"loc":{"start":{"line":112,"column":23},"end":{"line":146,"column":3}}},"4":{"name":"(anonymous_4)","decl":{"start":{"line":158,"column":9},"end":{"line":158,"column":15}},"loc":{"start":{"line":158,"column":36},"end":{"line":165,"column":3}}},"5":{"name":"(anonymous_5)","decl":{"start":{"line":177,"column":9},"end":{"line":177,"column":15}},"loc":{"start":{"line":177,"column":39},"end":{"line":184,"column":3}}},"6":{"name":"(anonymous_6)","decl":{"start":{"line":197,"column":9},"end":{"line":197,"column":15}},"loc":{"start":{"line":197,"column":57},"end":{"line":210,"column":3}}},"7":{"name":"(anonymous_7)","decl":{"start":{"line":225,"column":9},"end":{"line":225,"column":15}},"loc":{"start":{"line":228,"column":23},"end":{"line":256,"column":3}}}},"branchMap":{"0":{"loc":{"start":{"line":28,"column":4},"end":{"line":30,"column":null}},"type":"if","locations":[{"start":{"line":28,"column":4},"end":{"line":30,"column":null}},{"start":{"line":28,"column":4},"end":{"line":30,"column":null}}]},"1":{"loc":{"start":{"line":34,"column":6},"end":{"line":34,"column":39}},"type":"binary-expr","locations":[{"start":{"line":34,"column":6},"end":{"line":34,"column":39}},{"start":{"line":35,"column":6},"end":{"line":35,"column":45}}]},"2":{"loc":{"start":{"line":130,"column":4},"end":{"line":132,"column":null}},"type":"if","locations":[{"start":{"line":130,"column":4},"end":{"line":132,"column":null}},{"start":{"line":130,"column":4},"end":{"line":132,"column":null}}]},"3":{"loc":{"start":{"line":130,"column":8},"end":{"line":130,"column":36}},"type":"binary-expr","locations":[{"start":{"line":130,"column":8},"end":{"line":130,"column":36}},{"start":{"line":130,"column":40},"end":{"line":130,"column":68}}]},"4":{"loc":{"start":{"line":141,"column":6},"end":{"line":143,"column":null}},"type":"if","locations":[{"start":{"line":141,"column":6},"end":{"line":143,"column":null}},{"start":{"line":141,"column":6},"end":{"line":143,"column":null}}]},"5":{"loc":{"start":{"line":204,"column":4},"end":{"line":206,"column":null}},"type":"if","locations":[{"start":{"line":204,"column":4},"end":{"line":206,"column":null}},{"start":{"line":204,"column":4},"end":{"line":206,"column":null}}]},"6":{"loc":{"start":{"line":209,"column":53},"end":{"line":209,"column":57}},"type":"cond-expr","locations":[{"start":{"line":209,"column":53},"end":{"line":209,"column":57}},{"start":{"line":209,"column":60},"end":{"line":209,"column":65}}]},"7":{"loc":{"start":{"line":237,"column":4},"end":{"line":239,"column":null}},"type":"if","locations":[{"start":{"line":237,"column":4},"end":{"line":239,"column":null}},{"start":{"line":237,"column":4},"end":{"line":239,"column":null}}]},"8":{"loc":{"start":{"line":237,"column":8},"end":{"line":237,"column":36}},"type":"binary-expr","locations":[{"start":{"line":237,"column":8},"end":{"line":237,"column":36}},{"start":{"line":237,"column":40},"end":{"line":237,"column":50}}]},"9":{"loc":{"start":{"line":245,"column":6},"end":{"line":252,"column":null}},"type":"if","locations":[{"start":{"line":245,"column":6},"end":{"line":252,"column":null}},{"start":{"line":245,"column":6},"end":{"line":252,"column":null}}]},"10":{"loc":{"start":{"line":247,"column":10},"end":{"line":247,"column":43}},"type":"binary-expr","locations":[{"start":{"line":247,"column":10},"end":{"line":247,"column":43}},{"start":{"line":248,"column":10},"end":{"line":248,"column":49}}]}},"s":{"0":1,"1":1,"2":1,"3":1,"4":5,"5":5,"6":5,"7":5,"8":5,"9":1,"10":4,"11":4,"12":1,"13":1,"14":1,"15":1,"16":1,"17":1,"18":1,"19":1,"20":1,"21":1,"22":1,"23":1,"24":2,"25":2,"26":2,"27":2,"28":2,"29":2,"30":2,"31":1,"32":1,"33":1,"34":1,"35":1,"36":1,"37":31,"38":31,"39":3,"40":1,"41":1,"42":1,"43":1,"44":1,"45":2,"46":2,"47":2,"48":2,"49":4,"50":4,"51":4,"52":4,"53":4,"54":1,"55":3,"56":3,"57":2,"58":2,"59":2,"60":2,"61":2,"62":1,"63":1,"64":1,"65":1,"66":31,"67":31,"68":20,"69":1,"70":1},"f":{"0":5,"1":1,"2":1,"3":2,"4":1,"5":2,"6":4,"7":2},"b":{"0":[1,4],"1":[4,4],"2":[1,1],"3":[2,2],"4":[3,28],"5":[1,3],"6":[2,1],"7":[1,1],"8":[2,2],"9":[20,11],"10":[31,23]}}
}
