TN:
SF:/Users/tochemey/dev/business-date-checker/src/business.date.checker.ts
FN:20,(anonymous_0)
FN:50,(anonymous_1)
FN:80,(anonymous_2)
FN:109,(anonymous_3)
FN:158,(anonymous_4)
FN:177,(anonymous_5)
FN:197,(anonymous_6)
FN:225,(anonymous_7)
FNF:8
FNH:8
FNDA:5,(anonymous_0)
FNDA:1,(anonymous_1)
FNDA:1,(anonymous_2)
FNDA:2,(anonymous_3)
FNDA:1,(anonymous_4)
FNDA:2,(anonymous_5)
FNDA:4,(anonymous_6)
FNDA:2,(anonymous_7)
DA:1,1
DA:2,1
DA:3,1
DA:5,1
DA:7,1
DA:21,5
DA:23,5
DA:25,5
DA:26,5
DA:28,5
DA:29,1
DA:32,4
DA:33,4
DA:51,1
DA:53,1
DA:60,1
DA:62,1
DA:63,1
DA:65,1
DA:81,1
DA:83,1
DA:90,1
DA:92,1
DA:93,1
DA:94,1
DA:114,2
DA:116,2
DA:123,2
DA:125,2
DA:126,2
DA:128,2
DA:130,2
DA:131,1
DA:134,1
DA:135,1
DA:136,1
DA:137,1
DA:138,31
DA:141,31
DA:142,3
DA:145,1
DA:159,1
DA:161,1
DA:163,1
DA:164,1
DA:178,2
DA:180,2
DA:182,2
DA:183,2
DA:198,4
DA:199,4
DA:201,4
DA:203,4
DA:204,4
DA:205,1
DA:208,3
DA:209,3
DA:230,2
DA:232,2
DA:234,2
DA:235,2
DA:237,2
DA:238,1
DA:241,1
DA:242,1
DA:243,1
DA:244,31
DA:245,31
DA:251,20
DA:255,1
LF:70
LH:70
BRDA:28,0,0,1
BRDA:28,0,1,4
BRDA:34,1,0,4
BRDA:34,1,1,4
BRDA:130,2,0,1
BRDA:130,2,1,1
BRDA:130,3,0,2
BRDA:130,3,1,2
BRDA:141,4,0,3
BRDA:141,4,1,28
BRDA:204,5,0,1
BRDA:204,5,1,3
BRDA:209,6,0,2
BRDA:209,6,1,1
BRDA:237,7,0,1
BRDA:237,7,1,1
BRDA:237,8,0,2
BRDA:237,8,1,2
BRDA:245,9,0,20
BRDA:245,9,1,11
BRDA:247,10,0,31
BRDA:247,10,1,23
BRF:22
BRH:22
end_of_record
